<?xml version="1.0" encoding="UTF-8"?>
<!-- Generated by org.testng.reporters.JUnitXMLReporter -->
<testsuite ignored="3" hostname="DESKTOP-G02Q5JM" failures="0" tests="5" name="Test" time="36.328" errors="0" timestamp="2024-02-16T20:05:22 IST">
  <testcase classname="pack.Login" name="launchPage" time="1.878"/>
  <testcase classname="pack.Login" name="verifyLogin" time="10.656"/>
  <testcase classname="pack.Pim" name="verifyPim" time="9.044"/>
  <testcase classname="pack.AddEmployee" name="employeeDetails" time="1.065"/>
  <testcase classname="pack.PersonalDetails" name="details" time="8.254"/>
  <testcase classname="pack.WebDriverBase" name="@BeforeTest setup" time="0.0">
    <ignored/>
  </testcase> <!-- @BeforeTest setup -->
  <testcase classname="pack.WebDriverBase" name="@BeforeTest setup" time="0.0">
    <ignored/>
  </testcase> <!-- @BeforeTest setup -->
  <testcase classname="pack.WebDriverBase" name="@BeforeTest setup" time="0.0">
    <ignored/>
  </testcase> <!-- @BeforeTest setup -->
</testsuite> <!-- Test -->
