<?xml version="1.0" encoding="UTF-8"?>
<testng-results ignored="0" total="1" passed="1" failed="0" skipped="0">
  <reporter-output>
  </reporter-output>
  <suite started-at="2024-02-28T22:11:32 IST" name="Suite" finished-at="2024-02-28T22:11:37 IST" duration-ms="5310">
    <groups>
    </groups>
    <test started-at="2024-02-28T22:11:32 IST" name="Test" finished-at="2024-02-28T22:11:37 IST" duration-ms="5310">
      <class name="HRMpack.webdriver">
        <test-method signature="initialize()[pri:0, instance:HRMpack.webdriver@3a6bb9bf]" started-at="2024-02-28T22:11:32 IST" name="initialize" finished-at="2024-02-28T22:11:37 IST" duration-ms="5264" status="PASS">
          <reporter-output>
          </reporter-output>
        </test-method> <!-- initialize -->
      </class> <!-- HRMpack.webdriver -->
    </test> <!-- Test -->
  </suite> <!-- Suite -->
</testng-results>
