<?xml version="1.0" encoding="UTF-8"?>
<testng-results ignored="3" total="8" passed="5" failed="0" skipped="0">
  <reporter-output>
  </reporter-output>
  <suite started-at="2024-02-16T20:04:45 IST" name="Suite" finished-at="2024-02-16T20:05:22 IST" duration-ms="36328">
    <groups>
    </groups>
    <test started-at="2024-02-16T20:04:45 IST" name="Test" finished-at="2024-02-16T20:05:22 IST" duration-ms="36328">
      <class name="pack.Login">
        <test-method is-config="true" signature="setup()[pri:0, instance:pack.Login@28f3b248]" started-at="2024-02-16T20:04:45 IST" name="setup" finished-at="2024-02-16T20:04:51 IST" duration-ms="5351" status="PASS">
          <reporter-output>
          </reporter-output>
        </test-method> <!-- setup -->
        <test-method signature="launchPage()[pri:0, instance:pack.Login@28f3b248]" started-at="2024-02-16T20:04:51 IST" name="launchPage" finished-at="2024-02-16T20:04:53 IST" duration-ms="1878" status="PASS">
          <reporter-output>
          </reporter-output>
        </test-method> <!-- launchPage -->
        <test-method signature="verifyLogin()[pri:0, instance:pack.Login@28f3b248]" started-at="2024-02-16T20:04:53 IST" name="verifyLogin" finished-at="2024-02-16T20:05:03 IST" duration-ms="10656" status="PASS">
          <reporter-output>
          </reporter-output>
        </test-method> <!-- verifyLogin -->
      </class> <!-- pack.Login -->
      <class name="pack.PersonalDetails">
        <test-method signature="details()[pri:0, instance:pack.PersonalDetails@fa49800]" started-at="2024-02-16T20:05:14 IST" name="details" finished-at="2024-02-16T20:05:22 IST" duration-ms="8254" status="PASS">
          <reporter-output>
          </reporter-output>
        </test-method> <!-- details -->
      </class> <!-- pack.PersonalDetails -->
      <class name="pack.Pim">
        <test-method signature="verifyPim()[pri:0, instance:pack.Pim@fba92d3]" started-at="2024-02-16T20:05:03 IST" name="verifyPim" finished-at="2024-02-16T20:05:12 IST" duration-ms="9044" status="PASS">
          <reporter-output>
          </reporter-output>
        </test-method> <!-- verifyPim -->
      </class> <!-- pack.Pim -->
      <class name="pack.AddEmployee">
        <test-method signature="employeeDetails()[pri:0, instance:pack.AddEmployee@662b4c69]" started-at="2024-02-16T20:05:12 IST" name="employeeDetails" finished-at="2024-02-16T20:05:14 IST" duration-ms="1065" status="PASS">
          <reporter-output>
          </reporter-output>
        </test-method> <!-- employeeDetails -->
      </class> <!-- pack.AddEmployee -->
    </test> <!-- Test -->
  </suite> <!-- Suite -->
</testng-results>
