<?xml version="1.0" encoding="UTF-8"?>
<testng-results skipped="0" failed="0" total="3" passed="3">
  <reporter-output>
  </reporter-output>
  <suite name="Default suite" duration-ms="41" started-at="2024-02-23T09:58:01Z" finished-at="2024-02-23T09:58:01Z">
    <groups>
    </groups>
    <test name="Default test" duration-ms="41" started-at="2024-02-23T09:58:01Z" finished-at="2024-02-23T09:58:01Z">
      <class name="pack.sAMPLETEST">
        <test-method status="PASS" signature="display()[pri:0, instance:pack.sAMPLETEST@1810399e]" name="display" duration-ms="12" started-at="2024-02-23T15:28:01Z" finished-at="2024-02-23T15:28:01Z">
          <reporter-output>
          </reporter-output>
        </test-method> <!-- display -->
        <test-method status="PASS" signature="display1()[pri:0, instance:pack.sAMPLETEST@1810399e]" name="display1" duration-ms="2" started-at="2024-02-23T15:28:01Z" finished-at="2024-02-23T15:28:01Z">
          <reporter-output>
          </reporter-output>
        </test-method> <!-- display1 -->
        <test-method status="PASS" signature="display2()[pri:0, instance:pack.sAMPLETEST@1810399e]" name="display2" duration-ms="1" started-at="2024-02-23T15:28:01Z" finished-at="2024-02-23T15:28:01Z">
          <reporter-output>
          </reporter-output>
        </test-method> <!-- display2 -->
      </class> <!-- pack.sAMPLETEST -->
    </test> <!-- Default test -->
  </suite> <!-- Default suite -->
</testng-results>
